Added 'nlp_spacy' to component cache. Key 'nlp_spacy-en'.
Creating a new tracker for id 'default'.
Received user message 'Hi' with intent '{'name': 'greet', 'confidence': 0.7445591624333271}' and entities '[]'
Logged UserUtterance - tracker now has 2 events
Current slot values: 
	budget: None
	confirm_email_prompt: None
	cuisine: None
	do_send_email: None
	email: None
	email_data: None
	location: None
Current tracker state [None, None, None, {}, {'intent_greet': 1.0, 'prev_action_listen': 1.0}]
There is a memorised next action '3'
Predicted next action using policy_0_MemoizationPolicy
Predicted next action 'utter_greet' with prob 1.00.
Action 'utter_greet' ended with events '[]'
Bot utterance 'BotUttered(text: Hi, How can I help you!, data: null)'
Current tracker state [None, None, {}, {'intent_greet': 1.0, 'prev_action_listen': 1.0}, {'intent_greet': 1.0, 'prev_utter_greet': 1.0}]
There is a memorised next action '0'
Predicted next action using policy_0_MemoizationPolicy
Predicted next action 'action_listen' with prob 1.00.
Action 'action_listen' ended with events '[]'
Recreating tracker for id 'default'
Received user message 'FInd me reatsaurants in delhi' with intent '{'name': 'restaurant_search', 'confidence': 0.5367645552980108}' and entities '[{'start': 24, 'end': 29, 'value': 'delhi', 'entity': 'location', 'confidence': 0.9890515512938134, 'extractor': 'ner_crf'}]'
Logged UserUtterance - tracker now has 7 events
Current slot values: 
	budget: None
	confirm_email_prompt: None
	cuisine: None
	do_send_email: None
	email: None
	email_data: None
	location: delhi
Current tracker state [None, {}, {'intent_greet': 1.0, 'prev_action_listen': 1.0}, {'intent_greet': 1.0, 'prev_utter_greet': 1.0}, {'intent_restaurant_search': 1.0, 'entity_location': 1.0, 'slot_location_0': 1.0, 'prev_action_listen': 1.0}]
There is a memorised next action '14'
Predicted next action using policy_0_MemoizationPolicy
Predicted next action 'action_multiple_input' with prob 1.00.
Action 'action_multiple_input' ended with events '['SlotSet(key: location, value: delhi)']'
Bot utterance 'BotUttered(text: ActionProcessMultipleInput.run, data: null)'
Bot utterance 'BotUttered(text: ProcessMultipleInput.run Loc:delhi; Cuisine:None; Budget:None, data: null)'
Bot utterance 'BotUttered(text: ValidateLocation.Run delhi, data: null)'
Current tracker state [{}, {'intent_greet': 1.0, 'prev_action_listen': 1.0}, {'intent_greet': 1.0, 'prev_utter_greet': 1.0}, {'intent_restaurant_search': 1.0, 'entity_location': 1.0, 'slot_location_0': 1.0, 'prev_action_listen': 1.0}, {'intent_restaurant_search': 1.0, 'entity_location': 1.0, 'slot_location_0': 1.0, 'prev_action_multiple_input': 1.0}]
There is a memorised next action '8'
Predicted next action using policy_0_MemoizationPolicy
Predicted next action 'utter_ask_cuisine' with prob 1.00.
Action 'utter_ask_cuisine' ended with events '[]'
Bot utterance 'BotUttered(text: What kind of cuisine would you like? (supported list below), data: {
  "buttons": [
    {
      "payload": "Chinese",
      "title": "Chinese"
    },
    {
      "payload": "American",
      "title": "American"
    },
    {
      "payload": "Mexican",
      "title": "Mexican"
    },
    {
      "payload": "Italian",
      "title": "Italian"
    },
    {
      "payload": "South Indian",
      "title": "South Indian"
    },
    {
      "payload": "North Indian",
      "title": "North Indian"
    }
  ]
})'
Current tracker state [{'intent_greet': 1.0, 'prev_action_listen': 1.0}, {'intent_greet': 1.0, 'prev_utter_greet': 1.0}, {'intent_restaurant_search': 1.0, 'entity_location': 1.0, 'slot_location_0': 1.0, 'prev_action_listen': 1.0}, {'intent_restaurant_search': 1.0, 'entity_location': 1.0, 'slot_location_0': 1.0, 'prev_action_multiple_input': 1.0}, {'intent_restaurant_search': 1.0, 'entity_location': 1.0, 'prev_utter_ask_cuisine': 1.0, 'slot_location_0': 1.0}]
There is a memorised next action '0'
Predicted next action using policy_0_MemoizationPolicy
Predicted next action 'action_listen' with prob 1.00.
Action 'action_listen' ended with events '[]'
Recreating tracker for id 'default'
Received user message 'mexican' with intent '{'name': 'cuisine_prompt', 'confidence': 0.8431131315194451}' and entities '[{'start': 0, 'end': 7, 'value': 'mexican', 'entity': 'location', 'confidence': 0.45026533129095764, 'extractor': 'ner_crf', 'processors': ['ner_synonyms']}]'
Logged UserUtterance - tracker now has 17 events
Current slot values: 
	budget: None
	confirm_email_prompt: None
	cuisine: None
	do_send_email: None
	email: None
	email_data: None
	location: mexican
Current tracker state [{'intent_greet': 1.0, 'prev_utter_greet': 1.0}, {'intent_restaurant_search': 1.0, 'entity_location': 1.0, 'slot_location_0': 1.0, 'prev_action_listen': 1.0}, {'intent_restaurant_search': 1.0, 'entity_location': 1.0, 'slot_location_0': 1.0, 'prev_action_multiple_input': 1.0}, {'intent_restaurant_search': 1.0, 'entity_location': 1.0, 'prev_utter_ask_cuisine': 1.0, 'slot_location_0': 1.0}, {'entity_location': 1.0, 'slot_location_0': 1.0, 'intent_cuisine_prompt': 1.0, 'prev_action_listen': 1.0}]
There is no memorised next action
Predicted next action using policy_1_KerasPolicy
Predicted next action 'action_validate_cuisine' with prob 1.00.
Action 'action_validate_cuisine' ended with events '[]'
Bot utterance 'BotUttered(text: ActionValidateCuisine.run None, data: null)'
Bot utterance 'BotUttered(text: ProcessCuisine.run None, data: null)'
Current tracker state [{'intent_restaurant_search': 1.0, 'entity_location': 1.0, 'slot_location_0': 1.0, 'prev_action_listen': 1.0}, {'intent_restaurant_search': 1.0, 'entity_location': 1.0, 'slot_location_0': 1.0, 'prev_action_multiple_input': 1.0}, {'intent_restaurant_search': 1.0, 'entity_location': 1.0, 'prev_utter_ask_cuisine': 1.0, 'slot_location_0': 1.0}, {'entity_location': 1.0, 'slot_location_0': 1.0, 'intent_cuisine_prompt': 1.0, 'prev_action_listen': 1.0}, {'entity_location': 1.0, 'prev_action_validate_cuisine': 1.0, 'slot_location_0': 1.0, 'intent_cuisine_prompt': 1.0}]
There is no memorised next action
Predicted next action using policy_1_KerasPolicy
Predicted next action 'utter_ask_budget' with prob 0.80.
Action 'utter_ask_budget' ended with events '[]'
Bot utterance 'BotUttered(text: What is your budget for two people? (low/medium/high), data: {
  "buttons": [
    {
      "payload": "Low",
      "title": "Lesser than Rs. 300"
    },
    {
      "payload": "Medium",
      "title": "Rs. 300 to 700"
    },
    {
      "payload": "High",
      "title": "More than 700"
    }
  ]
})'
Current tracker state [{'intent_restaurant_search': 1.0, 'entity_location': 1.0, 'slot_location_0': 1.0, 'prev_action_multiple_input': 1.0}, {'intent_restaurant_search': 1.0, 'entity_location': 1.0, 'prev_utter_ask_cuisine': 1.0, 'slot_location_0': 1.0}, {'entity_location': 1.0, 'slot_location_0': 1.0, 'intent_cuisine_prompt': 1.0, 'prev_action_listen': 1.0}, {'entity_location': 1.0, 'prev_action_validate_cuisine': 1.0, 'slot_location_0': 1.0, 'intent_cuisine_prompt': 1.0}, {'entity_location': 1.0, 'slot_location_0': 1.0, 'prev_utter_ask_budget': 1.0, 'intent_cuisine_prompt': 1.0}]
There is no memorised next action
Predicted next action using policy_1_KerasPolicy
Predicted next action 'action_listen' with prob 1.00.
Action 'action_listen' ended with events '[]'
Added 'nlp_spacy' to component cache. Key 'nlp_spacy-en'.
Creating a new tracker for id 'default'.
Received user message 'Hello' with intent '{'name': 'greet', 'confidence': 0.7268409197348281}' and entities '[]'
Logged UserUtterance - tracker now has 2 events
Current slot values: 
	budget: None
	confirm_email_prompt: None
	cuisine: None
	do_send_email: None
	email: None
	email_data: None
	location: None
Current tracker state [None, None, None, None, None, None, {}, {'prev_action_listen': 1.0, 'intent_greet': 1.0}]
There is a memorised next action '3'
Predicted next action using policy_0_MemoizationPolicy
Predicted next action 'utter_greet' with prob 1.00.
Action 'utter_greet' ended with events '[]'
Bot utterance 'BotUttered(text: Hey, How is it going. How May I help you Today?, data: null)'
Current tracker state [None, None, None, None, None, {}, {'prev_action_listen': 1.0, 'intent_greet': 1.0}, {'intent_greet': 1.0, 'prev_utter_greet': 1.0}]
There is a memorised next action '0'
Predicted next action using policy_0_MemoizationPolicy
Predicted next action 'action_listen' with prob 1.00.
Action 'action_listen' ended with events '[]'
Recreating tracker for id 'default'
Received user message 'Hotels' with intent '{'name': 'restaurant_search', 'confidence': 0.9746550936956301}' and entities '[]'
Logged UserUtterance - tracker now has 6 events
Current slot values: 
	budget: None
	confirm_email_prompt: None
	cuisine: None
	do_send_email: None
	email: None
	email_data: None
	location: None
Current tracker state [None, None, None, None, {}, {'prev_action_listen': 1.0, 'intent_greet': 1.0}, {'intent_greet': 1.0, 'prev_utter_greet': 1.0}, {'intent_restaurant_search': 1.0, 'prev_action_listen': 1.0}]
There is no memorised next action
Predicted next action using policy_1_KerasPolicy
Predicted next action 'action_multiple_input' with prob 0.95.
Action 'action_multiple_input' ended with events '[]'
Bot utterance 'BotUttered(text: ActionProcessMultipleInput.run, data: null)'
Bot utterance 'BotUttered(text: ProcessMultipleInput.run Loc:None; Cuisine:None; Budget:None, data: null)'
Current tracker state [None, None, None, {}, {'prev_action_listen': 1.0, 'intent_greet': 1.0}, {'intent_greet': 1.0, 'prev_utter_greet': 1.0}, {'intent_restaurant_search': 1.0, 'prev_action_listen': 1.0}, {'intent_restaurant_search': 1.0, 'prev_action_multiple_input': 1.0}]
There is a memorised next action '7'
Predicted next action using policy_0_MemoizationPolicy
Predicted next action 'utter_ask_location' with prob 1.00.
Action 'utter_ask_location' ended with events '[]'
Bot utterance 'BotUttered(text: What is your preferred location? (Enter as 'In <Location>'), data: null)'
Current tracker state [None, None, {}, {'prev_action_listen': 1.0, 'intent_greet': 1.0}, {'intent_greet': 1.0, 'prev_utter_greet': 1.0}, {'intent_restaurant_search': 1.0, 'prev_action_listen': 1.0}, {'intent_restaurant_search': 1.0, 'prev_action_multiple_input': 1.0}, {'intent_restaurant_search': 1.0, 'prev_utter_ask_location': 1.0}]
There is a memorised next action '0'
Predicted next action using policy_0_MemoizationPolicy
Predicted next action 'action_listen' with prob 1.00.
Action 'action_listen' ended with events '[]'
Recreating tracker for id 'default'
Received user message 'In Patna' with intent '{'name': 'location_prompt', 'confidence': 0.8121113560321701}' and entities '[{'start': 3, 'end': 8, 'value': 'patna', 'entity': 'location', 'confidence': 0.9259330775516219, 'extractor': 'ner_crf', 'processors': ['ner_synonyms']}]'
Logged UserUtterance - tracker now has 14 events
Current slot values: 
	budget: None
	confirm_email_prompt: None
	cuisine: None
	do_send_email: None
	email: None
	email_data: None
	location: patna
Current tracker state [None, {}, {'prev_action_listen': 1.0, 'intent_greet': 1.0}, {'intent_greet': 1.0, 'prev_utter_greet': 1.0}, {'intent_restaurant_search': 1.0, 'prev_action_listen': 1.0}, {'intent_restaurant_search': 1.0, 'prev_action_multiple_input': 1.0}, {'intent_restaurant_search': 1.0, 'prev_utter_ask_location': 1.0}, {'entity_location': 1.0, 'intent_location_prompt': 1.0, 'prev_action_listen': 1.0, 'slot_location_0': 1.0}]
There is a memorised next action '18'
Predicted next action using policy_0_MemoizationPolicy
Predicted next action 'action_validate_location' with prob 1.00.
Action 'action_validate_location' ended with events '['SlotSet(key: location, value: patna)']'
Bot utterance 'BotUttered(text: ActionValidateLocation.run patna, data: null)'
Bot utterance 'BotUttered(text: ValidateLocation.Run patna, data: null)'
Current tracker state [{}, {'prev_action_listen': 1.0, 'intent_greet': 1.0}, {'intent_greet': 1.0, 'prev_utter_greet': 1.0}, {'intent_restaurant_search': 1.0, 'prev_action_listen': 1.0}, {'intent_restaurant_search': 1.0, 'prev_action_multiple_input': 1.0}, {'intent_restaurant_search': 1.0, 'prev_utter_ask_location': 1.0}, {'entity_location': 1.0, 'intent_location_prompt': 1.0, 'prev_action_listen': 1.0, 'slot_location_0': 1.0}, {'entity_location': 1.0, 'intent_location_prompt': 1.0, 'prev_action_validate_location': 1.0, 'slot_location_0': 1.0}]
There is no memorised next action
Predicted next action using policy_1_KerasPolicy
Predicted next action 'utter_unsupported_location' with prob 0.73.
Action 'utter_unsupported_location' ended with events '[]'
Bot utterance 'BotUttered(text: We do not operate in this area yet., data: null)'
Current tracker state [{'prev_action_listen': 1.0, 'intent_greet': 1.0}, {'intent_greet': 1.0, 'prev_utter_greet': 1.0}, {'intent_restaurant_search': 1.0, 'prev_action_listen': 1.0}, {'intent_restaurant_search': 1.0, 'prev_action_multiple_input': 1.0}, {'intent_restaurant_search': 1.0, 'prev_utter_ask_location': 1.0}, {'entity_location': 1.0, 'intent_location_prompt': 1.0, 'prev_action_listen': 1.0, 'slot_location_0': 1.0}, {'entity_location': 1.0, 'intent_location_prompt': 1.0, 'prev_action_validate_location': 1.0, 'slot_location_0': 1.0}, {'entity_location': 1.0, 'intent_location_prompt': 1.0, 'prev_utter_unsupported_location': 1.0, 'slot_location_0': 1.0}]
There is a memorised next action '21'
Predicted next action using policy_0_MemoizationPolicy
Predicted next action 'action_wipe_data' with prob 1.00.
Action 'action_wipe_data' ended with events '['SlotSet(key: location, value: None)', 'SlotSet(key: budget, value: None)', 'SlotSet(key: cuisine, value: None)', 'SlotSet(key: do_send_email, value: None)', 'SlotSet(key: confirm_email_prompt, value: False)', 'SlotSet(key: email, value: None)', 'SlotSet(key: email_data, value: None)']'
Bot utterance 'BotUttered(text: ActionWipeData.run Loc:patna; Cuisine:None; Budget:None, data: null)'
Current tracker state [{'intent_greet': 1.0, 'prev_utter_greet': 1.0}, {'intent_restaurant_search': 1.0, 'prev_action_listen': 1.0}, {'intent_restaurant_search': 1.0, 'prev_action_multiple_input': 1.0}, {'intent_restaurant_search': 1.0, 'prev_utter_ask_location': 1.0}, {'entity_location': 1.0, 'intent_location_prompt': 1.0, 'prev_action_listen': 1.0, 'slot_location_0': 1.0}, {'entity_location': 1.0, 'intent_location_prompt': 1.0, 'prev_action_validate_location': 1.0, 'slot_location_0': 1.0}, {'entity_location': 1.0, 'intent_location_prompt': 1.0, 'prev_utter_unsupported_location': 1.0, 'slot_location_0': 1.0}, {'entity_location': 1.0, 'intent_location_prompt': 1.0, 'prev_action_wipe_data': 1.0, 'slot_confirm_email_prompt_0': 1.0}]
There is no memorised next action
Predicted next action using policy_1_KerasPolicy
Predicted next action 'utter_goodbye' with prob 1.00.
Action 'utter_goodbye' ended with events '[]'
Bot utterance 'BotUttered(text: Bye-Bye, data: null)'
Current tracker state [{'intent_restaurant_search': 1.0, 'prev_action_listen': 1.0}, {'intent_restaurant_search': 1.0, 'prev_action_multiple_input': 1.0}, {'intent_restaurant_search': 1.0, 'prev_utter_ask_location': 1.0}, {'entity_location': 1.0, 'intent_location_prompt': 1.0, 'prev_action_listen': 1.0, 'slot_location_0': 1.0}, {'entity_location': 1.0, 'intent_location_prompt': 1.0, 'prev_action_validate_location': 1.0, 'slot_location_0': 1.0}, {'entity_location': 1.0, 'intent_location_prompt': 1.0, 'prev_utter_unsupported_location': 1.0, 'slot_location_0': 1.0}, {'entity_location': 1.0, 'intent_location_prompt': 1.0, 'prev_action_wipe_data': 1.0, 'slot_confirm_email_prompt_0': 1.0}, {'entity_location': 1.0, 'intent_location_prompt': 1.0, 'slot_confirm_email_prompt_0': 1.0, 'prev_utter_goodbye': 1.0}]
There is no memorised next action
Predicted next action using policy_1_KerasPolicy
Predicted next action 'action_listen' with prob 1.00.
Action 'action_listen' ended with events '[]'
Added 'nlp_spacy' to component cache. Key 'nlp_spacy-en'.
Creating a new tracker for id 'default'.
Received user message 'Hi' with intent '{'name': 'greet', 'confidence': 0.75444110964419}' and entities '[]'
Logged UserUtterance - tracker now has 2 events
Current slot values: 
	budget: None
	confirm_email_prompt: None
	cuisine: None
	do_send_email: None
	email: None
	email_data: None
	location: None
Current tracker state [None, None, None, None, None, None, {}, {'intent_greet': 1.0, 'prev_action_listen': 1.0}]
There is a memorised next action '3'
Predicted next action using policy_0_MemoizationPolicy
Predicted next action 'utter_greet' with prob 1.00.
Action 'utter_greet' ended with events '[]'
Bot utterance 'BotUttered(text: Hi, How can I help you!, data: null)'
Current tracker state [None, None, None, None, None, {}, {'intent_greet': 1.0, 'prev_action_listen': 1.0}, {'intent_greet': 1.0, 'prev_utter_greet': 1.0}]
There is a memorised next action '0'
Predicted next action using policy_0_MemoizationPolicy
Predicted next action 'action_listen' with prob 1.00.
Action 'action_listen' ended with events '[]'
Recreating tracker for id 'default'
Received user message 'Hotels' with intent '{'name': 'restaurant_search', 'confidence': 0.9791961503210851}' and entities '[]'
Logged UserUtterance - tracker now has 6 events
Current slot values: 
	budget: None
	confirm_email_prompt: None
	cuisine: None
	do_send_email: None
	email: None
	email_data: None
	location: None
Current tracker state [None, None, None, None, {}, {'intent_greet': 1.0, 'prev_action_listen': 1.0}, {'intent_greet': 1.0, 'prev_utter_greet': 1.0}, {'intent_restaurant_search': 1.0, 'prev_action_listen': 1.0}]
There is no memorised next action
Predicted next action using policy_1_KerasPolicy
Predicted next action 'action_multiple_input' with prob 0.92.
Action 'action_multiple_input' ended with events '[]'
Bot utterance 'BotUttered(text: ActionProcessMultipleInput.run, data: null)'
Bot utterance 'BotUttered(text: ProcessMultipleInput.run Loc:None; Cuisine:None; Budget:None, data: null)'
Current tracker state [None, None, None, {}, {'intent_greet': 1.0, 'prev_action_listen': 1.0}, {'intent_greet': 1.0, 'prev_utter_greet': 1.0}, {'intent_restaurant_search': 1.0, 'prev_action_listen': 1.0}, {'intent_restaurant_search': 1.0, 'prev_action_multiple_input': 1.0}]
There is a memorised next action '7'
Predicted next action using policy_0_MemoizationPolicy
Predicted next action 'utter_ask_location' with prob 1.00.
Action 'utter_ask_location' ended with events '[]'
Bot utterance 'BotUttered(text: Where would have your meal? (Enter as 'In <Location>'), data: null)'
Current tracker state [None, None, {}, {'intent_greet': 1.0, 'prev_action_listen': 1.0}, {'intent_greet': 1.0, 'prev_utter_greet': 1.0}, {'intent_restaurant_search': 1.0, 'prev_action_listen': 1.0}, {'intent_restaurant_search': 1.0, 'prev_action_multiple_input': 1.0}, {'intent_restaurant_search': 1.0, 'prev_utter_ask_location': 1.0}]
There is a memorised next action '0'
Predicted next action using policy_0_MemoizationPolicy
Predicted next action 'action_listen' with prob 1.00.
Action 'action_listen' ended with events '[]'
Recreating tracker for id 'default'
Received user message 'In delhi' with intent '{'name': 'location_prompt', 'confidence': 0.8869043485685532}' and entities '[{'start': 3, 'end': 8, 'value': 'delhi', 'entity': 'location', 'confidence': 0.8060601715224136, 'extractor': 'ner_crf'}]'
Logged UserUtterance - tracker now has 14 events
Current slot values: 
	budget: None
	confirm_email_prompt: None
	cuisine: None
	do_send_email: None
	email: None
	email_data: None
	location: delhi
Current tracker state [None, {}, {'intent_greet': 1.0, 'prev_action_listen': 1.0}, {'intent_greet': 1.0, 'prev_utter_greet': 1.0}, {'intent_restaurant_search': 1.0, 'prev_action_listen': 1.0}, {'intent_restaurant_search': 1.0, 'prev_action_multiple_input': 1.0}, {'intent_restaurant_search': 1.0, 'prev_utter_ask_location': 1.0}, {'entity_location': 1.0, 'intent_location_prompt': 1.0, 'slot_location_0': 1.0, 'prev_action_listen': 1.0}]
There is a memorised next action '18'
Predicted next action using policy_0_MemoizationPolicy
Predicted next action 'action_validate_location' with prob 1.00.
Action 'action_validate_location' ended with events '['SlotSet(key: location, value: delhi)']'
Bot utterance 'BotUttered(text: ActionValidateLocation.run delhi, data: null)'
Bot utterance 'BotUttered(text: ValidateLocation.Run delhi, data: null)'
Current tracker state [{}, {'intent_greet': 1.0, 'prev_action_listen': 1.0}, {'intent_greet': 1.0, 'prev_utter_greet': 1.0}, {'intent_restaurant_search': 1.0, 'prev_action_listen': 1.0}, {'intent_restaurant_search': 1.0, 'prev_action_multiple_input': 1.0}, {'intent_restaurant_search': 1.0, 'prev_utter_ask_location': 1.0}, {'entity_location': 1.0, 'intent_location_prompt': 1.0, 'slot_location_0': 1.0, 'prev_action_listen': 1.0}, {'prev_action_validate_location': 1.0, 'entity_location': 1.0, 'intent_location_prompt': 1.0, 'slot_location_0': 1.0}]
There is no memorised next action
Predicted next action using policy_1_KerasPolicy
Predicted next action 'utter_unsupported_location' with prob 0.97.
Action 'utter_unsupported_location' ended with events '[]'
Bot utterance 'BotUttered(text: We do not operate in this area yet., data: null)'
Current tracker state [{'intent_greet': 1.0, 'prev_action_listen': 1.0}, {'intent_greet': 1.0, 'prev_utter_greet': 1.0}, {'intent_restaurant_search': 1.0, 'prev_action_listen': 1.0}, {'intent_restaurant_search': 1.0, 'prev_action_multiple_input': 1.0}, {'intent_restaurant_search': 1.0, 'prev_utter_ask_location': 1.0}, {'entity_location': 1.0, 'intent_location_prompt': 1.0, 'slot_location_0': 1.0, 'prev_action_listen': 1.0}, {'prev_action_validate_location': 1.0, 'entity_location': 1.0, 'intent_location_prompt': 1.0, 'slot_location_0': 1.0}, {'prev_utter_unsupported_location': 1.0, 'entity_location': 1.0, 'intent_location_prompt': 1.0, 'slot_location_0': 1.0}]
There is a memorised next action '21'
Predicted next action using policy_0_MemoizationPolicy
Predicted next action 'action_wipe_data' with prob 1.00.
Action 'action_wipe_data' ended with events '['SlotSet(key: location, value: None)', 'SlotSet(key: budget, value: None)', 'SlotSet(key: cuisine, value: None)', 'SlotSet(key: do_send_email, value: None)', 'SlotSet(key: confirm_email_prompt, value: False)', 'SlotSet(key: email, value: None)', 'SlotSet(key: email_data, value: None)']'
Bot utterance 'BotUttered(text: ActionWipeData.run Loc:delhi; Cuisine:None; Budget:None, data: null)'
Current tracker state [{'intent_greet': 1.0, 'prev_utter_greet': 1.0}, {'intent_restaurant_search': 1.0, 'prev_action_listen': 1.0}, {'intent_restaurant_search': 1.0, 'prev_action_multiple_input': 1.0}, {'intent_restaurant_search': 1.0, 'prev_utter_ask_location': 1.0}, {'entity_location': 1.0, 'intent_location_prompt': 1.0, 'slot_location_0': 1.0, 'prev_action_listen': 1.0}, {'prev_action_validate_location': 1.0, 'entity_location': 1.0, 'intent_location_prompt': 1.0, 'slot_location_0': 1.0}, {'prev_utter_unsupported_location': 1.0, 'entity_location': 1.0, 'intent_location_prompt': 1.0, 'slot_location_0': 1.0}, {'prev_action_wipe_data': 1.0, 'slot_confirm_email_prompt_0': 1.0, 'entity_location': 1.0, 'intent_location_prompt': 1.0}]
There is no memorised next action
Predicted next action using policy_1_KerasPolicy
Predicted next action 'utter_goodbye' with prob 1.00.
Action 'utter_goodbye' ended with events '[]'
Bot utterance 'BotUttered(text: Bye-Bye, data: null)'
Current tracker state [{'intent_restaurant_search': 1.0, 'prev_action_listen': 1.0}, {'intent_restaurant_search': 1.0, 'prev_action_multiple_input': 1.0}, {'intent_restaurant_search': 1.0, 'prev_utter_ask_location': 1.0}, {'entity_location': 1.0, 'intent_location_prompt': 1.0, 'slot_location_0': 1.0, 'prev_action_listen': 1.0}, {'prev_action_validate_location': 1.0, 'entity_location': 1.0, 'intent_location_prompt': 1.0, 'slot_location_0': 1.0}, {'prev_utter_unsupported_location': 1.0, 'entity_location': 1.0, 'intent_location_prompt': 1.0, 'slot_location_0': 1.0}, {'prev_action_wipe_data': 1.0, 'slot_confirm_email_prompt_0': 1.0, 'entity_location': 1.0, 'intent_location_prompt': 1.0}, {'prev_utter_goodbye': 1.0, 'slot_confirm_email_prompt_0': 1.0, 'entity_location': 1.0, 'intent_location_prompt': 1.0}]
There is no memorised next action
Predicted next action using policy_1_KerasPolicy
Predicted next action 'action_listen' with prob 1.00.
Action 'action_listen' ended with events '[]'
Added 'nlp_spacy' to component cache. Key 'nlp_spacy-en'.
Creating a new tracker for id 'default'.
Received user message 'Hello' with intent '{'name': 'greet', 'confidence': 0.7315457630051373}' and entities '[]'
Logged UserUtterance - tracker now has 2 events
Current slot values: 
	budget: None
	confirm_email_prompt: None
	cuisine: None
	do_send_email: None
	email: None
	email_data: None
	location: None
Current tracker state [None, None, None, None, None, None, {}, {'prev_action_listen': 1.0, 'intent_greet': 1.0}]
There is a memorised next action '3'
Predicted next action using policy_0_MemoizationPolicy
Predicted next action 'utter_greet' with prob 1.00.
Action 'utter_greet' ended with events '[]'
Bot utterance 'BotUttered(text: Hey there! How may I help you?, data: null)'
Current tracker state [None, None, None, None, None, {}, {'prev_action_listen': 1.0, 'intent_greet': 1.0}, {'intent_greet': 1.0, 'prev_utter_greet': 1.0}]
There is a memorised next action '0'
Predicted next action using policy_0_MemoizationPolicy
Predicted next action 'action_listen' with prob 1.00.
Action 'action_listen' ended with events '[]'
Recreating tracker for id 'default'
Received user message 'Find me hotels' with intent '{'name': 'restaurant_search', 'confidence': 0.8533952782655904}' and entities '[]'
Logged UserUtterance - tracker now has 6 events
Current slot values: 
	budget: None
	confirm_email_prompt: None
	cuisine: None
	do_send_email: None
	email: None
	email_data: None
	location: None
Current tracker state [None, None, None, None, {}, {'prev_action_listen': 1.0, 'intent_greet': 1.0}, {'intent_greet': 1.0, 'prev_utter_greet': 1.0}, {'prev_action_listen': 1.0, 'intent_restaurant_search': 1.0}]
There is no memorised next action
Predicted next action using policy_1_KerasPolicy
Predicted next action 'utter_ask_location' with prob 0.79.
Action 'utter_ask_location' ended with events '[]'
Bot utterance 'BotUttered(text: What locality would you prefer? (Enter as 'In <Location>'), data: null)'
Current tracker state [None, None, None, {}, {'prev_action_listen': 1.0, 'intent_greet': 1.0}, {'intent_greet': 1.0, 'prev_utter_greet': 1.0}, {'prev_action_listen': 1.0, 'intent_restaurant_search': 1.0}, {'prev_utter_ask_location': 1.0, 'intent_restaurant_search': 1.0}]
There is a memorised next action '0'
Predicted next action using policy_0_MemoizationPolicy
Predicted next action 'action_listen' with prob 1.00.
Action 'action_listen' ended with events '[]'
Recreating tracker for id 'default'
Received user message 'In bangalore' with intent '{'name': 'location_prompt', 'confidence': 0.8877287261092723}' and entities '[{'start': 3, 'end': 12, 'value': 'bangalore', 'entity': 'location', 'confidence': 0.9737268880406581, 'extractor': 'ner_crf'}]'
Logged UserUtterance - tracker now has 11 events
Current slot values: 
	budget: None
	confirm_email_prompt: None
	cuisine: None
	do_send_email: None
	email: None
	email_data: None
	location: bangalore
Current tracker state [None, None, {}, {'prev_action_listen': 1.0, 'intent_greet': 1.0}, {'intent_greet': 1.0, 'prev_utter_greet': 1.0}, {'prev_action_listen': 1.0, 'intent_restaurant_search': 1.0}, {'prev_utter_ask_location': 1.0, 'intent_restaurant_search': 1.0}, {'entity_location': 1.0, 'slot_location_0': 1.0, 'prev_action_listen': 1.0, 'intent_location_prompt': 1.0}]
There is a memorised next action '18'
Predicted next action using policy_0_MemoizationPolicy
Predicted next action 'action_validate_location' with prob 1.00.
Action 'action_validate_location' ended with events '['SlotSet(key: location, value: bangalore)']'
Bot utterance 'BotUttered(text: ActionValidateLocation.run bangalore, data: null)'
Bot utterance 'BotUttered(text: ValidateLocation.Run bangalore, data: null)'
Current tracker state [None, {}, {'prev_action_listen': 1.0, 'intent_greet': 1.0}, {'intent_greet': 1.0, 'prev_utter_greet': 1.0}, {'prev_action_listen': 1.0, 'intent_restaurant_search': 1.0}, {'prev_utter_ask_location': 1.0, 'intent_restaurant_search': 1.0}, {'entity_location': 1.0, 'slot_location_0': 1.0, 'prev_action_listen': 1.0, 'intent_location_prompt': 1.0}, {'entity_location': 1.0, 'slot_location_0': 1.0, 'prev_action_validate_location': 1.0, 'intent_location_prompt': 1.0}]
There is no memorised next action
Predicted next action using policy_1_KerasPolicy
Predicted next action 'utter_unsupported_location' with prob 0.74.
Action 'utter_unsupported_location' ended with events '[]'
Bot utterance 'BotUttered(text: We do not operate in this area yet., data: null)'
Current tracker state [{}, {'prev_action_listen': 1.0, 'intent_greet': 1.0}, {'intent_greet': 1.0, 'prev_utter_greet': 1.0}, {'prev_action_listen': 1.0, 'intent_restaurant_search': 1.0}, {'prev_utter_ask_location': 1.0, 'intent_restaurant_search': 1.0}, {'entity_location': 1.0, 'slot_location_0': 1.0, 'prev_action_listen': 1.0, 'intent_location_prompt': 1.0}, {'entity_location': 1.0, 'slot_location_0': 1.0, 'prev_action_validate_location': 1.0, 'intent_location_prompt': 1.0}, {'entity_location': 1.0, 'slot_location_0': 1.0, 'prev_utter_unsupported_location': 1.0, 'intent_location_prompt': 1.0}]
There is a memorised next action '21'
Predicted next action using policy_0_MemoizationPolicy
Predicted next action 'action_wipe_data' with prob 1.00.
Action 'action_wipe_data' ended with events '['SlotSet(key: location, value: None)', 'SlotSet(key: budget, value: None)', 'SlotSet(key: cuisine, value: None)', 'SlotSet(key: do_send_email, value: None)', 'SlotSet(key: confirm_email_prompt, value: False)', 'SlotSet(key: email, value: None)', 'SlotSet(key: email_data, value: None)']'
Bot utterance 'BotUttered(text: ActionWipeData.run Loc:bangalore; Cuisine:None; Budget:None, data: null)'
Current tracker state [{'prev_action_listen': 1.0, 'intent_greet': 1.0}, {'intent_greet': 1.0, 'prev_utter_greet': 1.0}, {'prev_action_listen': 1.0, 'intent_restaurant_search': 1.0}, {'prev_utter_ask_location': 1.0, 'intent_restaurant_search': 1.0}, {'entity_location': 1.0, 'slot_location_0': 1.0, 'prev_action_listen': 1.0, 'intent_location_prompt': 1.0}, {'entity_location': 1.0, 'slot_location_0': 1.0, 'prev_action_validate_location': 1.0, 'intent_location_prompt': 1.0}, {'entity_location': 1.0, 'slot_location_0': 1.0, 'prev_utter_unsupported_location': 1.0, 'intent_location_prompt': 1.0}, {'entity_location': 1.0, 'slot_confirm_email_prompt_0': 1.0, 'intent_location_prompt': 1.0, 'prev_action_wipe_data': 1.0}]
There is no memorised next action
Predicted next action using policy_1_KerasPolicy
Predicted next action 'utter_goodbye' with prob 1.00.
Action 'utter_goodbye' ended with events '[]'
Bot utterance 'BotUttered(text: Good Bye :(, data: null)'
Current tracker state [{'intent_greet': 1.0, 'prev_utter_greet': 1.0}, {'prev_action_listen': 1.0, 'intent_restaurant_search': 1.0}, {'prev_utter_ask_location': 1.0, 'intent_restaurant_search': 1.0}, {'entity_location': 1.0, 'slot_location_0': 1.0, 'prev_action_listen': 1.0, 'intent_location_prompt': 1.0}, {'entity_location': 1.0, 'slot_location_0': 1.0, 'prev_action_validate_location': 1.0, 'intent_location_prompt': 1.0}, {'entity_location': 1.0, 'slot_location_0': 1.0, 'prev_utter_unsupported_location': 1.0, 'intent_location_prompt': 1.0}, {'entity_location': 1.0, 'slot_confirm_email_prompt_0': 1.0, 'intent_location_prompt': 1.0, 'prev_action_wipe_data': 1.0}, {'entity_location': 1.0, 'prev_utter_goodbye': 1.0, 'slot_confirm_email_prompt_0': 1.0, 'intent_location_prompt': 1.0}]
There is no memorised next action
Predicted next action using policy_1_KerasPolicy
Predicted next action 'action_listen' with prob 1.00.
Action 'action_listen' ended with events '[]'
